INFO-FLOW: Workspace C:/Users/91917/Downloads/VLSI_Project/vlsi_project/VLSI/solution1 opened at Sun Nov 13 22:56:37 +0530 2022
Execute     config_clock -quiet -name default -period 10 -default=false 
INFO: [SYN 201-201] Setting up clock 'default' with a period of 10ns.
Execute     open_platform DefaultPlatform 
Execute     import_lib C:/Xilinx/Vivado/2018.3/common/technology/xilinx/aartix7/aartix7 
Execute       source C:/Xilinx/Vivado/2018.3/common/technology/xilinx/common/xilinx.lib 
Execute         source C:/Xilinx/Vivado/2018.3/common/technology/xilinx/interface/xilinx_interface.lib 
Execute           source C:/Xilinx/Vivado/2018.3/common/technology/xilinx/interface/plb46.lib 
Execute           source C:/Xilinx/Vivado/2018.3/common/technology/xilinx/interface/fsl.lib 
Execute           source C:/Xilinx/Vivado/2018.3/common/technology/xilinx/interface/axi4.lib 
Execute           source C:/Xilinx/Vivado/2018.3/common/technology/xilinx/interface/maxi.lib 
Execute           source C:/Xilinx/Vivado/2018.3/common/technology/xilinx/interface/saxilite.lib 
Execute         source C:/Xilinx/Vivado/2018.3/common/technology/xilinx/common/dsp48.lib 
Execute         source C:/Xilinx/Vivado/2018.3/common/technology/xilinx/ip/dds_compiler.lib 
Execute         source C:/Xilinx/Vivado/2018.3/common/technology/xilinx/ip/xfft.lib 
Execute         source C:/Xilinx/Vivado/2018.3/common/technology/xilinx/ip/xfir.lib 
Execute       source C:/Xilinx/Vivado/2018.3/common/technology/xilinx/common/xilinx_old.lib 
Execute       source C:/Xilinx/Vivado/2018.3/common/technology/xilinx/common/xilinx_vivado.lib 
Execute       source C:/Xilinx/Vivado/2018.3/common/technology/xilinx/common/xilinx.hlp 
Execute         source C:/Xilinx/Vivado/2018.3/common/technology/xilinx/common/target_info.tcl 
Execute         source C:/Xilinx/Vivado/2018.3/common/technology/xilinx/interface/xilinx_interface.hlp 
Execute           source C:/Xilinx/Vivado/2018.3/common/technology/xilinx/interface/maxi.hlp 
Execute           source C:/Xilinx/Vivado/2018.3/common/technology/xilinx/interface/saxilite.hlp 
Execute         source C:/Xilinx/Vivado/2018.3/common/technology/xilinx/common/dsp48.hlp 
Execute       source C:/Xilinx/Vivado/2018.3/common/technology/xilinx/aartix7/dsp48e1.hlp 
Execute       get_default_platform 
Execute       config_chip_info -quiet -resource  {SLICE 15850} {LUT 63400}     {FF 126800} {DSP48E 240}    {BRAM 270}  
Execute       config_chip_info -quiet -speed medium 
Execute       source C:/Xilinx/Vivado/2018.3/common/technology/xilinx/common/xilinx.hlp 
Execute         source C:/Xilinx/Vivado/2018.3/common/technology/xilinx/common/target_info.tcl 
Execute         source C:/Xilinx/Vivado/2018.3/common/technology/xilinx/interface/xilinx_interface.hlp 
Execute           source C:/Xilinx/Vivado/2018.3/common/technology/xilinx/interface/maxi.hlp 
Execute           source C:/Xilinx/Vivado/2018.3/common/technology/xilinx/interface/saxilite.hlp 
Execute         source C:/Xilinx/Vivado/2018.3/common/technology/xilinx/common/dsp48.hlp 
Command     import_lib done; 0.128 sec.
Execute     source C:/Xilinx/Vivado/2018.3/common/technology/xilinx/aartix7/aartix7.gen 
Execute       source C:/Xilinx/Vivado/2018.3/common/technology/xilinx/common/virtex.gen 
Execute         source C:/Xilinx/Vivado/2018.3/common/technology/xilinx/common/xilinx.gen 
Execute           source C:/Xilinx/Vivado/2018.3/common/technology/xilinx/interface/plb46.gen 
Execute           source C:/Xilinx/Vivado/2018.3/common/technology/xilinx/interface/fsl.gen 
Execute           source C:/Xilinx/Vivado/2018.3/common/technology/xilinx/interface/axi4.gen 
Execute           source C:/Xilinx/Vivado/2018.3/common/technology/xilinx/interface/nativeAXI4.gen 
Execute             source C:/Xilinx/Vivado/2018.3/common/technology/xilinx/interface/saxilite.gen 
Execute             source C:/Xilinx/Vivado/2018.3/common/technology/xilinx/interface/maxi.gen 
Execute           source C:/Xilinx/Vivado/2018.3/common/technology/xilinx/scripts/xilinxcoregen.gen 
Execute           source C:/Xilinx/Vivado/2018.3/common/technology/xilinx/interface/XilEDKCoreGen.gen 
Execute           source C:/Xilinx/Vivado/2018.3/common/technology/xilinx/ip/dds_compiler.gen 
Execute           source C:/Xilinx/Vivado/2018.3/common/technology/xilinx/ip/util.gen 
Execute           source C:/Xilinx/Vivado/2018.3/common/technology/xilinx/ip/xfft.gen 
Execute           source C:/Xilinx/Vivado/2018.3/common/technology/xilinx/ip/xfir.gen 
Command         ap_source done; 0.211 sec.
Execute         source C:/Xilinx/Vivado/2018.3/common/technology/xilinx/common/dsp48.gen 
Command       ap_source done; 0.224 sec.
Command     ap_source done; 0.228 sec.
Execute     open_platform DefaultPlatform 
Execute     import_lib C:/Xilinx/Vivado/2018.3/common/technology/xilinx/aartix7/aartix7_fpv6 
Execute       source C:/Xilinx/Vivado/2018.3/common/technology/xilinx/common/xilinx_fpv7.lib 
Execute         source C:/Xilinx/Vivado/2018.3/common/technology/xilinx/common/xilinx_hp.lib 
Execute       source C:/Xilinx/Vivado/2018.3/common/technology/xilinx/common/xilinx_fpv.hlp 
Execute         source C:/Xilinx/Vivado/2018.3/common/technology/xilinx/common/xilinx.hlp 
Execute           source C:/Xilinx/Vivado/2018.3/common/technology/xilinx/common/target_info.tcl 
Execute           source C:/Xilinx/Vivado/2018.3/common/technology/xilinx/interface/xilinx_interface.hlp 
Execute             source C:/Xilinx/Vivado/2018.3/common/technology/xilinx/interface/maxi.hlp 
Execute             source C:/Xilinx/Vivado/2018.3/common/technology/xilinx/interface/saxilite.hlp 
Execute           source C:/Xilinx/Vivado/2018.3/common/technology/xilinx/common/dsp48.hlp 
Execute       source C:/Xilinx/Vivado/2018.3/common/technology/xilinx/aartix7/aartix7_hp.hlp 
Execute     source C:/Xilinx/Vivado/2018.3/common/technology/xilinx/aartix7/aartix7_fpv6.gen 
Execute       source C:/Xilinx/Vivado/2018.3/common/technology/xilinx/common/xilinx_fpv6.gen 
Execute     set_part xa7a12tcsg325-1q 
Execute       add_library xilinx/aartix7/aartix7:xa7a12t:csg325:-1q 
Execute         get_default_platform 
Execute         license_isbetapart xa7a12t 
Command         license_isbetapart done; error code: 1; 
Execute         get_default_platform 
Execute         config_chip_info -quiet -resource  {SLICE 2000}  {LUT 8000}      {FF 16000}  {DSP48E 40}     {BRAM 40}  
Execute         config_chip_info -quiet -speed slow 
Execute       add_library xilinx/aartix7/aartix7_fpv6 
Execute         get_default_platform 
INFO: [HLS 200-10] Setting target device to 'xa7a12tcsg325-1q'
Execute       get_default_platform 
Execute     get_default_platform 
Execute     config_chip_info -quiet -resource  {SLICE 2000}  {LUT 8000}      {FF 16000}  {DSP48E 40}     {BRAM 40}  
Execute     config_chip_info -quiet -speed slow 
Command   open_solution done; 0.531 sec.
Execute   set_part xa7a12tcsg325-1q 
Execute     add_library xilinx/aartix7/aartix7:xa7a12t:csg325:-1q 
Execute       get_default_platform 
Execute       license_isbetapart xa7a12t 
Command       license_isbetapart done; error code: 1; 
Execute       get_default_platform 
Execute       config_chip_info -quiet -resource  {SLICE 2000}  {LUT 8000}      {FF 16000}  {DSP48E 40}     {BRAM 40}  
Execute       config_chip_info -quiet -speed slow 
Execute     add_library xilinx/aartix7/aartix7_fpv6 
Execute       get_default_platform 
Execute     get_default_platform 
Execute   create_clock -period 10 -name default 
Execute     config_clock -quiet -name default -period 10 -default=false 
INFO: [SYN 201-201] Setting up clock 'default' with a period of 10ns.
Execute   csynth_design 
Execute     get_config_compile -effort 
Execute     get_config_compile -enable_clang39 
Execute     get_config_compile -g 
Execute     get_config_compile -lm 
Execute     get_config_compile -ng 
Execute     get_config_compile -opt_fp 
Execute     get_config_compile -skip_cdt 
Execute     get_config_compile -skip_syncheck 
Execute     get_config_compile -skip_transform 
Execute     config_compile -blackbox  
Execute     get_config_compile -keep_printf 
Execute     elaborate -effort=medium -skip_syncheck=0 -keep_printf=0 -lm=0 -skip_cdt=0 -skip_transform=0 -ng=0 -g=0 -opt_fp=0 -from_csynth_design=1 
Execute       get_config_schedule -relax_ii_for_timing 
INFO: [SCHED 204-61] Option 'relax_ii_for_timing' is enabled, will increase II to preserve clock frequency constraints.
Execute       get_config_schedule -suppress_dependence_error_break 
INFO: [HLS 200-10] Analyzing design file 'hand_chrc_nn.cpp' ... 
INFO-FLOW: Compiling one TU...
Execute       is_m_axi_addr64 
INFO-FLOW: Handling hand_chrc_nn.cpp as C++
Execute       get_default_platform 
Execute       is_encrypted hand_chrc_nn.cpp 
Execute       get_default_platform 
INFO-FLOW: Running: GCC PP
INFO-FLOW: Source preprocessing
Execute       clang  -fno-limit-debug-info -gcc-toolchain "C:/Xilinx/Vivado/2018.3/msys" -hls  -fno-exceptions  -D__llvm__  -E "hand_chrc_nn.cpp"     -fno-math-errno -c -emit-llvm -O0  -mllvm -disable-llvm-optzns -fno-threadsafe-statics  -fno-use-cxa-atexit  -fno-threadsafe-statics -fno-use-cxa-atexit -D__CLANG_3_1__ -D__cdecl= -DAESL_SYN -D__SYNTHESIS__ -D__HLS_SYN__ -I "C:/Xilinx/Vivado/2018.3/common/technology/autopilot" -I "C:/Xilinx/Vivado/2018.3/common/technology/autopilot/ap_sysc" -include etc/autopilot_ssdm_op.h -D__DSP48E1__  -o "C:/Users/91917/Downloads/VLSI_Project/vlsi_project/VLSI/solution1/.autopilot/db/hand_chrc_nn.pp.0.cpp" 
INFO-FLOW: exec C:/Xilinx/Vivado/2018.3/win64/tools/clang/bin/clang -fno-limit-debug-info -gcc-toolchain C:/Xilinx/Vivado/2018.3/msys -hls -fno-exceptions -D__llvm__ -E hand_chrc_nn.cpp -fno-math-errno -c -emit-llvm -O0 -mllvm -disable-llvm-optzns -fno-threadsafe-statics -fno-use-cxa-atexit -fno-threadsafe-statics -fno-use-cxa-atexit -D__CLANG_3_1__ -D__cdecl= -DAESL_SYN -D__SYNTHESIS__ -D__HLS_SYN__ -I C:/Xilinx/Vivado/2018.3/common/technology/autopilot -I C:/Xilinx/Vivado/2018.3/common/technology/autopilot/ap_sysc -include etc/autopilot_ssdm_op.h -D__DSP48E1__ -o C:/Users/91917/Downloads/VLSI_Project/vlsi_project/VLSI/solution1/.autopilot/db/hand_chrc_nn.pp.0.cpp
Command       clang done; 1.377 sec.
Execute       tidy_31 xilinx-xfmat-array-geometry C:/Users/91917/Downloads/VLSI_Project/vlsi_project/VLSI/solution1/.autopilot/db/hand_chrc_nn.pp.0.cpp std=gnu++98 
INFO-FLOW: exec C:/Xilinx/Vivado/2018.3/win64/tools/clang-3.9-csynth/bin/tidy-3.1 -header-filter=.* -checks=-*,xilinx-xfmat-array-geometry -quiet -fix C:/Users/91917/Downloads/VLSI_Project/vlsi_project/VLSI/solution1/.autopilot/db/hand_chrc_nn.pp.0.cpp -- -std=gnu++98 -fhls -ferror-limit=0
Command       tidy_31 done; 1 sec.
INFO-FLOW: Syntax Checking before pre-processing...
Execute       clang -syntaxcheck -src C:/Users/91917/Downloads/VLSI_Project/vlsi_project/VLSI/solution1/.autopilot/db/hand_chrc_nn.pp.0.cpp  -fno-limit-debug-info -gcc-toolchain "C:/Xilinx/Vivado/2018.3/msys" -hls    -fno-math-errno -c -emit-llvm -O0  -mllvm -disable-llvm-optzns -fno-threadsafe-statics  -fno-use-cxa-atexit  -fno-threadsafe-statics -fno-use-cxa-atexit -D__CLANG_3_1__ -D__cdecl= -DAESL_SYN -D__SYNTHESIS__ -D__HLS_SYN__ -I "C:/Xilinx/Vivado/2018.3/common/technology/autopilot" -I "C:/Xilinx/Vivado/2018.3/common/technology/autopilot/ap_sysc" -include etc/autopilot_ssdm_op.h -D__DSP48E1__  "C:/Users/91917/Downloads/VLSI_Project/vlsi_project/VLSI/solution1/.autopilot/db/hand_chrc_nn.pp.0.cpp"  -o "C:/Users/91917/Downloads/VLSI_Project/vlsi_project/VLSI/solution1/.autopilot/db/useless.bc"  
INFO-FLOW: exec C:/Xilinx/Vivado/2018.3/win64/tools/clang/bin/clang -fno-limit-debug-info -gcc-toolchain C:/Xilinx/Vivado/2018.3/msys -hls -fno-math-errno -c -emit-llvm -O0 -mllvm -disable-llvm-optzns -fno-threadsafe-statics -fno-use-cxa-atexit -fno-threadsafe-statics -fno-use-cxa-atexit -D__CLANG_3_1__ -D__cdecl= -DAESL_SYN -D__SYNTHESIS__ -D__HLS_SYN__ -I C:/Xilinx/Vivado/2018.3/common/technology/autopilot -I C:/Xilinx/Vivado/2018.3/common/technology/autopilot/ap_sysc -include etc/autopilot_ssdm_op.h -D__DSP48E1__ C:/Users/91917/Downloads/VLSI_Project/vlsi_project/VLSI/solution1/.autopilot/db/hand_chrc_nn.pp.0.cpp -o C:/Users/91917/Downloads/VLSI_Project/vlsi_project/VLSI/solution1/.autopilot/db/useless.bc
Command       clang done; 2.811 sec.
INFO-FLOW: Done: GCC PP time: 5.2 seconds per iteration
Execute       list_core -type functional_unit 
Execute       tidy_31 xilinx-systemc-detector C:/Users/91917/Downloads/VLSI_Project/vlsi_project/VLSI/solution1/.autopilot/db/hand_chrc_nn.pp.0.cpp std=gnu++98 -directive=C:/Users/91917/Downloads/VLSI_Project/vlsi_project/VLSI/solution1/.autopilot/db/.systemc_flag 
INFO-FLOW: exec C:/Xilinx/Vivado/2018.3/win64/tools/clang-3.9-csynth/bin/tidy-3.1 -header-filter=.* -checks=-*,xilinx-systemc-detector -import-directive=C:/Users/91917/Downloads/VLSI_Project/vlsi_project/VLSI/solution1/.autopilot/db/.systemc_flag -quiet -fix-errors C:/Users/91917/Downloads/VLSI_Project/vlsi_project/VLSI/solution1/.autopilot/db/hand_chrc_nn.pp.0.cpp -- -std=gnu++98 -fhls -ferror-limit=0
Command       tidy_31 done; 0.87 sec.
INFO-FLOW: Running: tidy-3.1 CDT preprocess
Execute       tidy_31 xilinx-directive2pragma C:/Users/91917/Downloads/VLSI_Project/vlsi_project/VLSI/solution1/.autopilot/db/hand_chrc_nn.pp.0.cpp std=gnu++98 -directive=C:/Users/91917/Downloads/VLSI_Project/vlsi_project/VLSI/solution1/.autopilot/db/all.directive.json 
INFO-FLOW: exec C:/Xilinx/Vivado/2018.3/win64/tools/clang-3.9-csynth/bin/tidy-3.1 -header-filter=.* -checks=-*,xilinx-directive2pragma -import-directive=C:/Users/91917/Downloads/VLSI_Project/vlsi_project/VLSI/solution1/.autopilot/db/all.directive.json -quiet -fix-errors C:/Users/91917/Downloads/VLSI_Project/vlsi_project/VLSI/solution1/.autopilot/db/hand_chrc_nn.pp.0.cpp -- -std=gnu++98 -fhls -ferror-limit=0
Command       tidy_31 done; 0.817 sec.
Execute       get_config_dataflow -strict_mode 
Execute       ap_eval exec -ignorestderr C:/Xilinx/Vivado/2018.3/win64/tools/clang-3.9-csynth/bin/xilinx-dataflow-lawyer -export-fixes=C:/Users/91917/Downloads/VLSI_Project/vlsi_project/VLSI/solution1/.autopilot/db/xilinx-dataflow-lawyer.hand_chrc_nn.pp.0.cpp.diag.yml C:/Users/91917/Downloads/VLSI_Project/vlsi_project/VLSI/solution1/.autopilot/db/hand_chrc_nn.pp.0.cpp -- -std=gnu++98 -fhls -ferror-limit=0 -fstrict-dataflow > C:/Users/91917/Downloads/VLSI_Project/vlsi_project/VLSI/solution1/.autopilot/db/xilinx-dataflow-lawyer.hand_chrc_nn.pp.0.cpp.out.log 2> C:/Users/91917/Downloads/VLSI_Project/vlsi_project/VLSI/solution1/.autopilot/db/xilinx-dataflow-lawyer.hand_chrc_nn.pp.0.cpp.err.log 
Command       ap_eval done; 1.014 sec.
Execute       tidy_31 -errorcheck xilinx-constantarray-param,xilinx-resource-pragma-transformer,xilinx-xfmat-array-geometry C:/Users/91917/Downloads/VLSI_Project/vlsi_project/VLSI/solution1/.autopilot/db/hand_chrc_nn.pp.0.cpp std=gnu++98 
Execute         ap_eval exec -ignorestderr C:/Xilinx/Vivado/2018.3/win64/tools/clang-3.9-csynth/bin/tidy-3.1 -export-fixes=C:/Users/91917/Downloads/VLSI_Project/vlsi_project/VLSI/solution1/.autopilot/db/tidy-3.1.hand_chrc_nn.pp.0.cpp.diag.yml -header-filter=.* -checks=-*,xilinx-constantarray-param,xilinx-resource-pragma-transformer,xilinx-xfmat-array-geometry -quiet -fix-errors C:/Users/91917/Downloads/VLSI_Project/vlsi_project/VLSI/solution1/.autopilot/db/hand_chrc_nn.pp.0.cpp -- -std=gnu++98 -fhls -ferror-limit=0 > C:/Users/91917/Downloads/VLSI_Project/vlsi_project/VLSI/solution1/.autopilot/db/tidy-3.1.hand_chrc_nn.pp.0.cpp.out.log 2> C:/Users/91917/Downloads/VLSI_Project/vlsi_project/VLSI/solution1/.autopilot/db/tidy-3.1.hand_chrc_nn.pp.0.cpp.err.log 
Command         ap_eval done; 2.177 sec.
Execute         ap_eval exec -ignorestderr C:/Xilinx/Vivado/2018.3/win64/tools/clang-3.9-csynth/bin/xilinx-legacy-rewriter C:/Users/91917/Downloads/VLSI_Project/vlsi_project/VLSI/solution1/.autopilot/db/hand_chrc_nn.pp.0.cpp -- -std=gnu++98 -fhls -ferror-limit=0 > C:/Users/91917/Downloads/VLSI_Project/vlsi_project/VLSI/solution1/.autopilot/db/xilinx-legacy-rewriter.hand_chrc_nn.pp.0.cpp.out.log 2> C:/Users/91917/Downloads/VLSI_Project/vlsi_project/VLSI/solution1/.autopilot/db/xilinx-legacy-rewriter.hand_chrc_nn.pp.0.cpp.err.log 
Command         ap_eval done; 1.069 sec.
Command       tidy_31 done; 3.279 sec.
INFO-FLOW: Done: tidy-3.1 CDT preprocess time: 5.1 seconds per iteration
INFO-FLOW: Pragma Handling...
Execute       tidy_31 xilinx-ssdm-intrinsics-arguments C:/Users/91917/Downloads/VLSI_Project/vlsi_project/VLSI/solution1/.autopilot/db/hand_chrc_nn.pragma.1.cpp std=gnu++98 
INFO-FLOW: exec C:/Xilinx/Vivado/2018.3/win64/tools/clang-3.9-csynth/bin/tidy-3.1 -header-filter=.* -checks=-*,xilinx-ssdm-intrinsics-arguments -quiet -fix-errors C:/Users/91917/Downloads/VLSI_Project/vlsi_project/VLSI/solution1/.autopilot/db/hand_chrc_nn.pragma.1.cpp -- -std=gnu++98 -fhls -ferror-limit=0
Command       tidy_31 done; 2.347 sec.
Execute       get_default_platform 
INFO-FLOW: Processing labels
Execute       clang -src C:/Users/91917/Downloads/VLSI_Project/vlsi_project/VLSI/solution1/.autopilot/db/hand_chrc_nn.pragma.2.cpp  -fno-limit-debug-info -gcc-toolchain C:/Xilinx/Vivado/2018.3/msys -hls -hls-analyze-label -hls-analyze-pragma -fno-exceptions  -D__llvm__  -w  "C:/Users/91917/Downloads/VLSI_Project/vlsi_project/VLSI/solution1/.autopilot/db/hand_chrc_nn.pragma.2.cpp"    -fno-math-errno -c -emit-llvm -O0  -mllvm -disable-llvm-optzns -fno-threadsafe-statics  -fno-use-cxa-atexit -DAESL_SYN -D__SYNTHESIS__ -D__HLS_SYN__ -I "C:/Xilinx/Vivado/2018.3/common/technology/autopilot" -I "C:/Xilinx/Vivado/2018.3/common/technology/autopilot/ap_sysc" -include etc/autopilot_ssdm_op.h -D__DSP48E1__ -g -o "C:/Users/91917/Downloads/VLSI_Project/vlsi_project/VLSI/solution1/.autopilot/db/hand_chrc_nn.bc" 
INFO-FLOW: exec C:/Xilinx/Vivado/2018.3/win64/tools/clang/bin/clang -fno-limit-debug-info -gcc-toolchain C:/Xilinx/Vivado/2018.3/msys -hls -hls-analyze-label -hls-analyze-pragma -fno-exceptions -D__llvm__ -w C:/Users/91917/Downloads/VLSI_Project/vlsi_project/VLSI/solution1/.autopilot/db/hand_chrc_nn.pragma.2.cpp -fno-math-errno -c -emit-llvm -O0 -mllvm -disable-llvm-optzns -fno-threadsafe-statics -fno-use-cxa-atexit -DAESL_SYN -D__SYNTHESIS__ -D__HLS_SYN__ -I C:/Xilinx/Vivado/2018.3/common/technology/autopilot -I C:/Xilinx/Vivado/2018.3/common/technology/autopilot/ap_sysc -include etc/autopilot_ssdm_op.h -D__DSP48E1__ -g -o C:/Users/91917/Downloads/VLSI_Project/vlsi_project/VLSI/solution1/.autopilot/db/hand_chrc_nn.bc
Command       clang done; 3.124 sec.
INFO-FLOW: Linking Debug ...
Execute       llvm-ld C:/Users/91917/Downloads/VLSI_Project/vlsi_project/VLSI/solution1/.autopilot/db/hand_chrc_nn.g.bc -hls-opt -except-internalize hand_chrc_nn -LC:/Xilinx/Vivado/2018.3/win64/lib -lhlsm -lhlsmc++ -o C:/Users/91917/Downloads/VLSI_Project/vlsi_project/VLSI/solution1/.autopilot/db/a.g 
Command       llvm-ld done; 2.155 sec.
INFO: [HLS 200-111] Finished Linking Time (s): cpu = 00:00:01 ; elapsed = 00:00:20 . Memory (MB): peak = 109.738 ; gain = 25.383
INFO: [HLS 200-111] Finished Checking Pragmas Time (s): cpu = 00:00:01 ; elapsed = 00:00:20 . Memory (MB): peak = 109.738 ; gain = 25.383
Execute       get_config_sdx -target 
Execute       opt_and_import_c a -opt_level=2 -skip_syncheck=0 -ng=0 -keep_printf=0 
Execute         cleanup_all_models 
INFO: [HLS 200-10] Starting code transformations ...
Execute         transform -promote-dbg-pointer C:/Users/91917/Downloads/VLSI_Project/vlsi_project/VLSI/solution1/.autopilot/db/a.pp.bc -o C:/Users/91917/Downloads/VLSI_Project/vlsi_project/VLSI/solution1/.autopilot/db/a.pp.0.bc -f 
Execute         llvm-ld C:/Users/91917/Downloads/VLSI_Project/vlsi_project/VLSI/solution1/.autopilot/db/a.pp.0.bc -disable-opt -LC:/Xilinx/Vivado/2018.3/win64/lib -lfloatconversion -o C:/Users/91917/Downloads/VLSI_Project/vlsi_project/VLSI/solution1/.autopilot/db/a.g.0 
Command         llvm-ld done; 0.466 sec.
INFO-FLOW: Running Standard Transforms...
Execute         transform -hls -share-std-xform -demangle-name -inline-byval-memcpy -always-inline -promote-dbg-pointer -interface-preproc -mem2reg -lower-blackbox -scalarrepl -mem2reg -keep-read-access -instcombine -dce -promote-dbg-pointer -bitop-raise -loop-simplify -indvarspre -indvars -loop-simplify -xunroll -constprop -instcombine -simplifycfg -indvars -simplifycfg -dce -globaldce -basicaa -simplifycfg -mem2reg -globalopt -global-constprop -deadargelim -instcombine -simplifycfg -prune-eh -simplifycfg -scalarrepl -instcombine -reassociate -licm -simplifycfg -loop-simplify -indvars -instcombine -simplifycfg -mem2reg -loop-simplify -indvars -instcombine -gvn -gvn -instcombine -adce -break-crit-edges -simplifycfg -loop-delete -global-array-opt -dce -dse -adce -find-syn-modules -top hand_chrc_nn -deadargelim -mem2reg -instcombine -dce -presyn-prepare -auto-rom-infer -interface-preproc -syn-check -check-rec-only -find-region -simplifycfg -func-extr -function-inline -globaldce -mem2reg -instcombine -dce -gvn -globaldce -adce -adse -constprop -instcombine -bit-constprop -instcombine -dce -simplifycfg -bitop-raise -simplifycfg -dce -loop-delete -reassociate -globalopt -global-privatize -mem2reg -dce -global-constprop -pointer-simplify -constprop -dce -func-inst -deadargelim -auto-shift-reg-idiom -promote-dbg-pointer -norm-name C:/Users/91917/Downloads/VLSI_Project/vlsi_project/VLSI/solution1/.autopilot/db/a.g.0.bc -o C:/Users/91917/Downloads/VLSI_Project/vlsi_project/VLSI/solution1/.autopilot/db/a.g.1.bc -f -phase std-opt 
Command         transform done; 89.521 sec.
INFO: [HLS 200-111] Finished Standard Transforms Time (s): cpu = 00:01:31 ; elapsed = 00:01:51 . Memory (MB): peak = 181.867 ; gain = 97.512
INFO: [HLS 200-10] Checking synthesizability ...
INFO-FLOW: Checking Synthesizability 1/2..
Execute         transform -hls -syn-check -check-rec-only -disaggr -scalarrepl -norm-name -dce -mem2reg -instcombine -function-uniquify -directive-preproc -mem2reg -dse -dce -auto-rom-infer -dce -pag -array-normalize -instcombine -dce -warn-fifo-pointer -array-seg-normalize -instcombine -dce -array-flatten -instcombine -dce -array-burst -dce -deadargelim -promote-global-argument -simplifycfg -mem2reg -globaldce -resolve-double-ptr -dce -deadargelim -dce -instcombine -function-inline -globaldce -dce -doublePtrSimplify -doublePtrElim -dce -doublePtrSimplify -promote-dbg-pointer -dce -scalarrepl -dse -adse -instcombine -ptrLegalization -simplifycfg -dce -instcombine -pointer-simplify -ptrArgReplace -dce -instcombine -disaggr -scalarrepl -norm-name -dce -mem2reg -instcombine -ptrLegalization -simplifycfg -deadargelim -instcombine -dce -inst-simplify -function-uniquify -directive-preproc -mem2reg -dse -dce -globaldce -check-dspbuiltin C:/Users/91917/Downloads/VLSI_Project/vlsi_project/VLSI/solution1/.autopilot/db/a.g.1.bc -o C:/Users/91917/Downloads/VLSI_Project/vlsi_project/VLSI/solution1/.autopilot/db/a.g.2.prechk.bc -f 
INFO-FLOW: Checking Synthesizability 2/2..
Execute         transform -syn-check C:/Users/91917/Downloads/VLSI_Project/vlsi_project/VLSI/solution1/.autopilot/db/a.g.2.prechk.bc -o C:/Users/91917/Downloads/VLSI_Project/vlsi_project/VLSI/solution1/.autopilot/db/a.g.2.bc -f -phase syn-check 
INFO: [HLS 200-111] Finished Checking Synthesizability Time (s): cpu = 00:01:31 ; elapsed = 00:01:51 . Memory (MB): peak = 181.867 ; gain = 97.512
INFO-FLOW: Compiler optimizing ...
INFO-FLOW: Share syncheck's 1.bc for syn flow: copy C:/Users/91917/Downloads/VLSI_Project/vlsi_project/VLSI/solution1/.autopilot/db/a.g.1.bc to C:/Users/91917/Downloads/VLSI_Project/vlsi_project/VLSI/solution1/.autopilot/db/a.o.1.bc
INFO-FLOW: Presyn 1...
Execute         transform -hls -tmp C:/Users/91917/Downloads/VLSI_Project/vlsi_project/VLSI/solution1/.autopilot/db -interface-port-rename -type-info -function-uniquify -directive-preproc -mem2reg -dse -dce -disaggr -scalarrepl -norm-name -deadargelim -mem2reg -instcombine -dce -simplifycfg -auto-rom-infer -dce -function-uniquify -resource-proc -simplifycfg -mem2reg -globaldce -resolve-double-ptr -dce -deadargelim -dce -instcombine -clib-intrinsic-prepare -dce -func-buffer -dce -pag -array-normalize -func-legal -instcombine -gvn -constprop -dce -ptrArgReplace -mem2reg -instcombine -dce -array-seg-normalize -deadargelim -instcombine -dce -pointer-simplify -dce -port-alignment -dce -interface-preproc -data-pack -instcombine -dce -basicaa -aggr-aa -aggrmodref-aa -aggr-aa -gvn -gvn -basicaa -aggr-aa -aggrmodref-aa -aggr-aa -dse -adse -adce -loop-simplify -indvars -instcombine -gvn -loop-simplify -mem2reg -dce -find-region -instcombine -auto-loop-pipeline -inst-simplify -interface-preproc -cfgopt -instcombine -indvars -auto-loop-unroll -loop-simplify -loop-bound -xunroll -constprop -instcombine -simplifycfg -indvars -simplifycfg -dce -globaldce -clean-region -attach-range -gvn -inst-simplify -constprop -simplifycfg -dce -pointer-simplify -dce -globalopt -constprop -dce -array-promote -constprop -instcombine -dce -ptrArgReplace -mem2reg -instcombine -simplifycfg -dce -auto-par -instcombine -dce -array-transform-check -array-reshape -instcombine -simplifycfg -dce -ptrArgReplace -deadargelim -mem2reg -instcombine -simplifycfg -dce -indvars -loop-simplify -loop-bound -xunroll -constprop -instcombine -simplifycfg -indvars -simplifycfg -dce -globaldce -basicaa -aggr-aa -aggrmodref-aa -aggr-aa -dse -duplicate-dataflow-processes -globaldce -instcombine -array-partition -instcombine -simplifycfg -dce -ptrArgReplace -global-constprop -deadargelim -mem2reg -func-legal -instcombine -dce -global-constprop -deadargelim -mem2reg -instcombine -simplifycfg -dce -merge-param -deadargelim -globalopt -constprop -dce -array-promote -constprop -instcombine -dce -ptrArgReplace -mem2reg -instcombine -simplifycfg -dce -mem-intrinsic-preproc -dce -global-internalize -global-privatize -mem2reg -globaldce -promote-global-argument -ptrArgReplace -mem2reg -instcombine -dce -globalopt -mergereturn -simplify-global-access -mem2reg -dce -pointer-simplify -dce -functionattrs -basicaa -aggr-aa -aggrmodref-aa -aggr-aa -gvn -gvn -basicaa -aggr-aa -aggrmodref-aa -aggr-aa -dse -adse -adce -inst-simplify -dce -norm-name -function-inline -globaldce -func-inst -constprop -instcombine -simplifycfg -dce -func-legal -dce -loop-bound -arraycheck -bitwidthmin -on-by-dataflow -loop-delete -instcombine -simplifycfg -globaldce -dce -gvn -deadargelim -dce -loop-simplify -clean-region -simplifycfg -propagate-stable-arguments -loop-stream -instcombine -simplifycfg -dce -globaldce -duplicate-dataflow-processes -stream-intrinsic-preproc -dce -check-ap-stream -loop-simplify -eliminate-keepreads -extract-dataflow-in-loop -loop-simplify -dce -gvn -deadargelim -dse -check-dataflow-syntax -legalize-stream-variable -legalize-global -extract-subproc -dce -dead-channel-elimination -canonicalize-gep -globaldce -dce -gvn -deadargelim -annotate-dataflow-channels -scalar-propagation -deadargelim -globaldce -mem2reg -check-dataflow-channels -function-stream -dce -globaldce -prop-fifo-spec -internal-stream-gen -canonicalize-gep -globaldce -dce -gvn -deadargelim -mergereturn -indvars -loop-simplify -instcombine -array-stream -array-seg-normalize -array-partition -func-legal -instcombine -simplifycfg -dce -bundle-memfifo-ops -deadargelim -function-uniquify -directive-preproc -mem2reg -dse -dce -group-axi-access -licm -simplifycfg -dce -loop-delete -norm-name C:/Users/91917/Downloads/VLSI_Project/vlsi_project/VLSI/solution1/.autopilot/db/a.o.1.bc -o C:/Users/91917/Downloads/VLSI_Project/vlsi_project/VLSI/solution1/.autopilot/db/a.o.1.tmp.bc -f 
INFO: [XFORM 203-102] Partitioning array 'bias22' in dimension 2 automatically.
INFO: [XFORM 203-102] Partitioning array 'bias1' in dimension 2 automatically.
Command         transform done; 0.625 sec.
INFO-FLOW: Presyn 2...
Execute         transform -hls -keep-callgraph -scalarrepl -mem2reg -port-alignment -attach-range -dce -pipe-mux-gen -indvars -loop-bound -inst-simplify -instcombine -dce -merge-array-access -mem2reg -dce -clean-region -mergereturn -if-conv -instcombine -dce -constprop -basicaa -aggr-aa -aggrmodref-aa -aggr-aa -gvn -gvn -basicaa -aggr-aa -aggrmodref-aa -aggr-aa -dse -adse -adce -scalarrepl -mem2reg -global-constprop -deadargelim -deadargelim -instcombine -dce -simplifycfg -ptrArgReplace -mem2reg -function-inline -globaldce -mem2reg -instcombine -dce -expr-balance -instcombine -dce -bitwidthmin -interface-preproc -directive-preproc -inst-rectify -instcombine -dce -functionattrs -constprop -instcombine -bit-constprop -simplify-global-access -globalopt -globaldce -inst-simplify -instcombine -elimdeaddata -dce -loop-delete -simplifycfg -loop-simplify -auto-burst -norm-name C:/Users/91917/Downloads/VLSI_Project/vlsi_project/VLSI/solution1/.autopilot/db/a.o.1.tmp.bc -o C:/Users/91917/Downloads/VLSI_Project/vlsi_project/VLSI/solution1/.autopilot/db/a.o.2.bc -f -phase presyn 
Command         transform done; 0.183 sec.
INFO: [HLS 200-111] Finished Pre-synthesis Time (s): cpu = 00:01:32 ; elapsed = 00:01:51 . Memory (MB): peak = 196.629 ; gain = 112.273
INFO-FLOW: Building ssdm...
Execute         transform -hls -function-uniquify -auto-function-inline -globaldce -ptrArgReplace -mem2reg -instcombine -dce -reset-lda -loop-simplify -indvars -licm -loop-dep -loop-bound -licm -loop-simplify -flattenloopnest -array-flatten -gvn -instcombine -dce -array-map -dce -func-legal -gvn -adce -instcombine -cfgopt -simplifycfg -loop-simplify -array-burst -promote-global-argument -dce -axi4-lower -array-seg-normalize -basicaa -aggrmodref-aa -globalsmodref-aa -aggr-aa -gvn -gvn -basicaa -aggrmodref-aa -globalsmodref-aa -aggr-aa -dse -adse -adce -licm -inst-simplify -dce -globaldce -instcombine -array-stream -eliminate-keepreads -instcombine -dce -deadargelim -doublePtrSimplify -doublePtrElim -dce -doublePtrSimplify -promote-dbg-pointer -dce -scalarrepl -mem2reg -disaggr -norm-name -mem2reg -instcombine -dse -adse -adce -ptrLegalization -dce -auto-rom-infer -array-flatten -dce -instcombine -check-doubleptr -loop-rot -constprop -cfgopt -simplifycfg -loop-simplify -indvars -pointer-simplify -dce -loop-bound -loop-simplify -loop-preproc -constprop -global-constprop -gvn -mem2reg -instcombine -dce -loop-bound -loop-merge -dce -bitwidthmin -deadargelim -dce -canonicalize-dataflow -dce -scalar-propagation -deadargelim -globaldce -mem2reg -read-loop-dep -interface-preproc -directive-preproc -interface-gen -bram-byte-enable -deadargelim -inst-simplify -dce -gvn -mem2reg -instcombine -dce -adse -loop-bound -instcombine -cfgopt -simplifycfg -loop-simplify -clean-region -io-protocol -find-region -mem2reg -bitop-raise -inst-simplify -inst-rectify -instcombine -adce -deadargelim -loop-simplify -phi-opt -bitop-raise -cfgopt -simplifycfg -strip-dead-prototypes -interface-lower -bitop-lower -intrinsic-lower -auto-function-inline -basicaa -aggrmodref-aa -globalsmodref-aa -aggr-aa -inst-simplify -simplifycfg -loop-simplify -mergereturn -inst-simplify -inst-rectify -dce -load-elim -bitop-lower -loop-rewind -pointer-simplify -dce -cfgopt -dce -bitwidth -loop-bound -loop-dep -read-loop-dep -dce -check-stream -norm-name -legalize -validate-dataflow -inst-clarity -cdfg-build C:/Users/91917/Downloads/VLSI_Project/vlsi_project/VLSI/solution1/.autopilot/db/a.o.2.bc -o C:/Users/91917/Downloads/VLSI_Project/vlsi_project/VLSI/solution1/.autopilot/db/a.o.3.bc -f -phase build-ssdm 
Command         transform done; 0.474 sec.
INFO: [HLS 200-111] Finished Architecture Synthesis Time (s): cpu = 00:01:32 ; elapsed = 00:01:52 . Memory (MB): peak = 196.629 ; gain = 112.273
INFO-FLOW: Finish building internal data model.
Command       opt_and_import_c done; 91.487 sec.
Command     elaborate done; 110.682 sec.
Execute     autosyn -from_csynth_design=1 
INFO: [HLS 200-10] Starting hardware synthesis ...
INFO-FLOW: Synthesizing C/C++ design ...
INFO: [HLS 200-10] Synthesizing 'hand_chrc_nn' ...
Execute       ap_set_top_model hand_chrc_nn 
Execute       get_model_list hand_chrc_nn -filter all-wo-channel -topdown 
Execute       preproc_iomode -model hand_chrc_nn 
Execute       get_model_list hand_chrc_nn -filter all-wo-channel 
INFO-FLOW: Model list for configure: hand_chrc_nn
INFO-FLOW: Configuring Module : hand_chrc_nn ...
Execute       set_default_model hand_chrc_nn 
Execute       apply_spec_resource_limit hand_chrc_nn 
INFO-FLOW: Model list for preprocess: hand_chrc_nn
INFO-FLOW: Preprocessing Module: hand_chrc_nn ...
Execute       set_default_model hand_chrc_nn 
Execute       cdfg_preprocess -model hand_chrc_nn 
Execute       rtl_gen_preprocess hand_chrc_nn 
INFO-FLOW: Model list for synthesis: hand_chrc_nn
INFO: [HLS 200-10] ----------------------------------------------------------------
INFO: [HLS 200-42] -- Implementing module 'hand_chrc_nn' 
INFO: [HLS 200-10] ----------------------------------------------------------------
Execute       set_default_model hand_chrc_nn 
Execute       schedule -model hand_chrc_nn 
INFO: [SCHED 204-11] Starting scheduling ...
INFO: [SCHED 204-11] Finished scheduling.
Command       schedule done; 0.119 sec.
INFO: [HLS 200-111]  Elapsed time: 112.143 seconds; current allocated memory: 114.371 MB.
Execute       report -o C:/Users/91917/Downloads/VLSI_Project/vlsi_project/VLSI/solution1/.autopilot/db/hand_chrc_nn.verbose.sched.rpt -verbose -f 
INFO: [HLS 200-434] Only 0 loops out of a total 7 loops have been pipelined in this design.
Command       report done; 0.128 sec.
Execute       db_write -o C:/Users/91917/Downloads/VLSI_Project/vlsi_project/VLSI/solution1/.autopilot/db/hand_chrc_nn.sched.adb -f 
INFO-FLOW: Finish scheduling hand_chrc_nn.
Execute       set_default_model hand_chrc_nn 
Execute       bind -model hand_chrc_nn 
BIND OPTION: fu_weight=[ 0.0 -- 1.0 ]
BIND OPTION: model=hand_chrc_nn
BIND OPTION: reg_weight=[ 0.0 -- 1.0 ]
INFO: [BIND 205-100] Starting micro-architecture generation ...
INFO: [BIND 205-101] Performing variable lifetime analysis.
INFO: [BIND 205-101] Exploring resource sharing.
INFO: [BIND 205-101] Binding ...
INFO: [BIND 205-100] Finished micro-architecture generation.
INFO: [HLS 200-111]  Elapsed time: 0.243 seconds; current allocated memory: 115.390 MB.
Execute       report -o C:/Users/91917/Downloads/VLSI_Project/vlsi_project/VLSI/solution1/.autopilot/db/hand_chrc_nn.verbose.bind.rpt -verbose -f 
Command       report done; 0.194 sec.
Execute       db_write -o C:/Users/91917/Downloads/VLSI_Project/vlsi_project/VLSI/solution1/.autopilot/db/hand_chrc_nn.bind.adb -f 
INFO-FLOW: Finish binding hand_chrc_nn.
Execute       get_model_list hand_chrc_nn -filter all-wo-channel 
INFO-FLOW: Preprocessing for RTLGen ...
Execute       rtl_gen_preprocess hand_chrc_nn 
INFO-FLOW: Model list for RTL generation: hand_chrc_nn
INFO: [HLS 200-10] ----------------------------------------------------------------
INFO: [HLS 200-10] -- Generating RTL for module 'hand_chrc_nn' 
INFO: [HLS 200-10] ----------------------------------------------------------------
Execute       get_config_rtl -prefix 
Execute       get_config_rtl -auto_prefix 
Execute       create_rtl_model hand_chrc_nn -vendor xilinx -mg_file C:/Users/91917/Downloads/VLSI_Project/vlsi_project/VLSI/solution1/.autopilot/db/hand_chrc_nn.compgen.tcl 
INFO: [RTGEN 206-500] Setting interface mode on port 'hand_chrc_nn/X' to 'bram'.
INFO: [RTGEN 206-500] Setting interface mode on port 'hand_chrc_nn/y' to 's_axilite & ap_none'.
INFO: [RTGEN 206-500] Setting interface mode on function 'hand_chrc_nn' to 's_axilite & ap_ctrl_hs'.
WARNING: [RTGEN 206-101] Global array 'hand_mulchrc_nn_float_s' will not be exposed as RTL port.
INFO: [SYN 201-210] Renamed object name 'hand_chrc_nn_hand_mulchrc_nn_float_s' to 'hand_chrc_nn_handbkb' due to the length limit 20
INFO: [SYN 201-210] Renamed object name 'hand_chrc_nn_bias1_0' to 'hand_chrc_nn_biascud' due to the length limit 20
INFO: [RTGEN 206-100] Bundling port 'return' to AXI-Lite port CRTL_BUS.
INFO: [SYN 201-210] Renamed object name 'hand_chrc_nn_fadd_32ns_32ns_32_5_full_dsp_1' to 'hand_chrc_nn_fadddEe' due to the length limit 20
INFO: [SYN 201-210] Renamed object name 'hand_chrc_nn_fmul_32ns_32ns_32_4_max_dsp_1' to 'hand_chrc_nn_fmuleOg' due to the length limit 20
INFO: [SYN 201-210] Renamed object name 'hand_chrc_nn_fptrunc_64ns_32_1_1' to 'hand_chrc_nn_fptrfYi' due to the length limit 20
INFO: [SYN 201-210] Renamed object name 'hand_chrc_nn_fpext_32ns_64_1_1' to 'hand_chrc_nn_fpexg8j' due to the length limit 20
INFO: [SYN 201-210] Renamed object name 'hand_chrc_nn_fcmp_32ns_32ns_1_1_1' to 'hand_chrc_nn_fcmphbi' due to the length limit 20
INFO: [SYN 201-210] Renamed object name 'hand_chrc_nn_dadd_64ns_64ns_64_6_full_dsp_1' to 'hand_chrc_nn_daddibs' due to the length limit 20
INFO: [SYN 201-210] Renamed object name 'hand_chrc_nn_ddiv_64ns_64ns_64_31_1' to 'hand_chrc_nn_ddivjbC' due to the length limit 20
INFO: [SYN 201-210] Renamed object name 'hand_chrc_nn_dexp_64ns_64ns_64_18_full_dsp_1' to 'hand_chrc_nn_dexpkbM' due to the length limit 20
WARNING: [RTGEN 206-101] Setting dangling out port 'hand_chrc_nn/X_WEN_A' to 0.
WARNING: [RTGEN 206-101] Setting dangling out port 'hand_chrc_nn/X_Din_A' to 0.
INFO: [RTGEN 206-100] Generating core module 'hand_chrc_nn_daddibs': 1 instance(s).
INFO: [RTGEN 206-100] Generating core module 'hand_chrc_nn_ddivjbC': 1 instance(s).
INFO: [RTGEN 206-100] Generating core module 'hand_chrc_nn_dexpkbM': 1 instance(s).
INFO: [RTGEN 206-100] Generating core module 'hand_chrc_nn_fadddEe': 1 instance(s).
INFO: [RTGEN 206-100] Generating core module 'hand_chrc_nn_fcmphbi': 1 instance(s).
INFO: [RTGEN 206-100] Generating core module 'hand_chrc_nn_fmuleOg': 1 instance(s).
INFO: [RTGEN 206-100] Generating core module 'hand_chrc_nn_fpexg8j': 1 instance(s).
INFO: [RTGEN 206-100] Generating core module 'hand_chrc_nn_fptrfYi': 1 instance(s).
INFO: [RTGEN 206-100] Finished creating RTL model for 'hand_chrc_nn'.
Command       create_rtl_model done; 0.303 sec.
INFO: [HLS 200-111]  Elapsed time: 0.586 seconds; current allocated memory: 117.335 MB.
Execute       source C:/Users/91917/Downloads/VLSI_Project/vlsi_project/VLSI/solution1/.autopilot/db/hand_chrc_nn.rtl_wrap.cfg.tcl 
Execute       gen_rtl hand_chrc_nn -istop -style xilinx -tracefl mytrace -tracefmt vcd -traceopt all -f -lang sc -o C:/Users/91917/Downloads/VLSI_Project/vlsi_project/VLSI/solution1/syn/systemc/hand_chrc_nn -synmodules hand_chrc_nn 
Execute       gen_rtl hand_chrc_nn -istop -style xilinx -f -lang vhdl -o C:/Users/91917/Downloads/VLSI_Project/vlsi_project/VLSI/solution1/syn/vhdl/hand_chrc_nn 
Execute       gen_rtl hand_chrc_nn -istop -style xilinx -f -lang vlog -o C:/Users/91917/Downloads/VLSI_Project/vlsi_project/VLSI/solution1/syn/verilog/hand_chrc_nn 
Execute       export_constraint_db -o C:/Users/91917/Downloads/VLSI_Project/vlsi_project/VLSI/solution1/.autopilot/db/hand_chrc_nn.constraint.tcl -f -tool general 
Execute       report -model hand_chrc_nn -o C:/Users/91917/Downloads/VLSI_Project/vlsi_project/VLSI/solution1/.autopilot/db/hand_chrc_nn.design.xml -verbose -f -dv 
Execute       report -model hand_chrc_nn -o C:/Users/91917/Downloads/VLSI_Project/vlsi_project/VLSI/solution1/.autopilot/db/hand_chrc_nn.sdaccel.xml -verbose -f -sdaccel 
Execute       gen_tb_info hand_chrc_nn -o C:/Users/91917/Downloads/VLSI_Project/vlsi_project/VLSI/solution1/.autopilot/db/hand_chrc_nn -p C:/Users/91917/Downloads/VLSI_Project/vlsi_project/VLSI/solution1/.autopilot/db 
Execute       report -model hand_chrc_nn -o C:/Users/91917/Downloads/VLSI_Project/vlsi_project/VLSI/solution1/syn/report/hand_chrc_nn_csynth.rpt -f 
Execute       report -model hand_chrc_nn -o C:/Users/91917/Downloads/VLSI_Project/vlsi_project/VLSI/solution1/syn/report/hand_chrc_nn_csynth.xml -f -x 
Execute       report -model hand_chrc_nn -o C:/Users/91917/Downloads/VLSI_Project/vlsi_project/VLSI/solution1/.autopilot/db/hand_chrc_nn.verbose.rpt -verbose -f 
Command       report done; 0.274 sec.
Execute       db_write -model hand_chrc_nn -o C:/Users/91917/Downloads/VLSI_Project/vlsi_project/VLSI/solution1/.autopilot/db/hand_chrc_nn.adb -f 
Execute       sc_get_clocks hand_chrc_nn 
Execute       get_config_export -vivado_clock 
Execute       sc_get_portdomain hand_chrc_nn 
INFO-FLOW: Model list for RTL component generation: hand_chrc_nn
INFO-FLOW: Handling components in module [hand_chrc_nn] ... 
Execute       source C:/Users/91917/Downloads/VLSI_Project/vlsi_project/VLSI/solution1/.autopilot/db/hand_chrc_nn.compgen.tcl 
INFO-FLOW: Found component hand_chrc_nn_fadddEe.
INFO-FLOW: Append model hand_chrc_nn_fadddEe
INFO-FLOW: Found component hand_chrc_nn_fmuleOg.
INFO-FLOW: Append model hand_chrc_nn_fmuleOg
INFO-FLOW: Found component hand_chrc_nn_fptrfYi.
INFO-FLOW: Append model hand_chrc_nn_fptrfYi
INFO-FLOW: Found component hand_chrc_nn_fpexg8j.
INFO-FLOW: Append model hand_chrc_nn_fpexg8j
INFO-FLOW: Found component hand_chrc_nn_fcmphbi.
INFO-FLOW: Append model hand_chrc_nn_fcmphbi
INFO-FLOW: Found component hand_chrc_nn_daddibs.
INFO-FLOW: Append model hand_chrc_nn_daddibs
INFO-FLOW: Found component hand_chrc_nn_ddivjbC.
INFO-FLOW: Append model hand_chrc_nn_ddivjbC
INFO-FLOW: Found component hand_chrc_nn_dexpkbM.
INFO-FLOW: Append model hand_chrc_nn_dexpkbM
INFO-FLOW: Found component hand_chrc_nn_handbkb.
INFO-FLOW: Append model hand_chrc_nn_handbkb
INFO-FLOW: Found component hand_chrc_nn_biascud.
INFO-FLOW: Append model hand_chrc_nn_biascud
INFO-FLOW: Found component hand_chrc_nn_lay21.
INFO-FLOW: Append model hand_chrc_nn_lay21
INFO-FLOW: Found component hand_chrc_nn_lay1.
INFO-FLOW: Append model hand_chrc_nn_lay1
INFO-FLOW: Found component hand_chrc_nn_h1.
INFO-FLOW: Append model hand_chrc_nn_h1
INFO-FLOW: Found component hand_chrc_nn_CRTL_BUS_s_axi.
INFO-FLOW: Append model hand_chrc_nn_CRTL_BUS_s_axi
INFO-FLOW: Append model hand_chrc_nn
INFO-FLOW: Generating RTL model list ...
INFO-FLOW: All models in this session: hand_chrc_nn_fadddEe hand_chrc_nn_fmuleOg hand_chrc_nn_fptrfYi hand_chrc_nn_fpexg8j hand_chrc_nn_fcmphbi hand_chrc_nn_daddibs hand_chrc_nn_ddivjbC hand_chrc_nn_dexpkbM hand_chrc_nn_handbkb hand_chrc_nn_biascud hand_chrc_nn_lay21 hand_chrc_nn_lay1 hand_chrc_nn_h1 hand_chrc_nn_CRTL_BUS_s_axi hand_chrc_nn
INFO-FLOW: To file: write model hand_chrc_nn_fadddEe
INFO-FLOW: To file: write model hand_chrc_nn_fmuleOg
INFO-FLOW: To file: write model hand_chrc_nn_fptrfYi
INFO-FLOW: To file: write model hand_chrc_nn_fpexg8j
INFO-FLOW: To file: write model hand_chrc_nn_fcmphbi
INFO-FLOW: To file: write model hand_chrc_nn_daddibs
INFO-FLOW: To file: write model hand_chrc_nn_ddivjbC
INFO-FLOW: To file: write model hand_chrc_nn_dexpkbM
INFO-FLOW: To file: write model hand_chrc_nn_handbkb
INFO-FLOW: To file: write model hand_chrc_nn_biascud
INFO-FLOW: To file: write model hand_chrc_nn_lay21
INFO-FLOW: To file: write model hand_chrc_nn_lay1
INFO-FLOW: To file: write model hand_chrc_nn_h1
INFO-FLOW: To file: write model hand_chrc_nn_CRTL_BUS_s_axi
INFO-FLOW: To file: write model hand_chrc_nn
INFO-FLOW: Finished generating RTL model list.


INFO-FLOW: RTL Generation done.
INFO-FLOW: CAS Generation done.
INFO-FLOW: CBC Generation done.
INFO-FLOW: DBG:CMD: auto_generate_csynth_design
INFO-FLOW: DBG:CMD:     auto_generate --sim-model -phase csynth_design -d C:/Users/91917/Downloads/VLSI_Project/vlsi_project/VLSI/solution1
Execute       source C:/Users/91917/Downloads/VLSI_Project/vlsi_project/VLSI/solution1/.autopilot/db/global.setting.tcl 
INFO-FLOW: DBG:CMD: read_platform_lib C:/Users/91917/Downloads/VLSI_Project/vlsi_project/VLSI/solution1/.autopilot/db/global.setting.tcl
Execute       source C:/Xilinx/Vivado/2018.3/common/technology/generic/autopilot/common.gen 
Execute         source C:/Xilinx/Vivado/2018.3/common/technology/generic/autopilot/APCoreGen.gen 
Execute       source C:/Xilinx/Vivado/2018.3/common/technology/generic/autopilot/op.gen 
Execute       source C:/Xilinx/Vivado/2018.3/common/technology/generic/autopilot/op_simcore.gen 
Execute       source C:/Xilinx/Vivado/2018.3/common/technology/generic/autopilot/interface.gen 
Execute       source C:/Users/91917/Downloads/VLSI_Project/vlsi_project/VLSI/solution1/.autopilot/db/global.setting.tcl 
Execute       source C:/Xilinx/Vivado/2018.3/common/technology/xilinx/aartix7/aartix7.gen 
Execute         source C:/Xilinx/Vivado/2018.3/common/technology/xilinx/common/virtex.gen 
Execute           source C:/Xilinx/Vivado/2018.3/common/technology/xilinx/common/xilinx.gen 
Execute             source C:/Xilinx/Vivado/2018.3/common/technology/xilinx/interface/plb46.gen 
Execute             source C:/Xilinx/Vivado/2018.3/common/technology/xilinx/interface/fsl.gen 
Execute             source C:/Xilinx/Vivado/2018.3/common/technology/xilinx/interface/axi4.gen 
Execute             source C:/Xilinx/Vivado/2018.3/common/technology/xilinx/interface/nativeAXI4.gen 
Execute               source C:/Xilinx/Vivado/2018.3/common/technology/xilinx/interface/saxilite.gen 
Execute               source C:/Xilinx/Vivado/2018.3/common/technology/xilinx/interface/maxi.gen 
Execute             source C:/Xilinx/Vivado/2018.3/common/technology/xilinx/scripts/xilinxcoregen.gen 
Execute             source C:/Xilinx/Vivado/2018.3/common/technology/xilinx/interface/XilEDKCoreGen.gen 
Execute             source C:/Xilinx/Vivado/2018.3/common/technology/xilinx/ip/dds_compiler.gen 
Execute             source C:/Xilinx/Vivado/2018.3/common/technology/xilinx/ip/util.gen 
Execute             source C:/Xilinx/Vivado/2018.3/common/technology/xilinx/ip/xfft.gen 
Execute             source C:/Xilinx/Vivado/2018.3/common/technology/xilinx/ip/xfir.gen 
Command           ap_source done; 0.138 sec.
Execute           source C:/Xilinx/Vivado/2018.3/common/technology/xilinx/common/dsp48.gen 
Command         ap_source done; 0.143 sec.
Command       ap_source done; 0.143 sec.
Execute       source C:/Xilinx/Vivado/2018.3/common/technology/xilinx/aartix7/aartix7_fpv6.gen 
Execute         source C:/Xilinx/Vivado/2018.3/common/technology/xilinx/common/xilinx_fpv6.gen 
INFO-FLOW: DBG:CMD:   using AESL_AUTOCG::g_clock_period=10.000 (was NA)
INFO-FLOW: DBG:CMD:       generate_ip_cores sim=1 export=0 expOnly=0 dstVlogDir=syn/verilog
Execute       source C:/Users/91917/Downloads/VLSI_Project/vlsi_project/VLSI/solution1/.autopilot/db/global.setting.tcl 
Execute       source C:/Users/91917/Downloads/VLSI_Project/vlsi_project/VLSI/solution1/.autopilot/db/global.setting.tcl 
Execute       source C:/Users/91917/Downloads/VLSI_Project/vlsi_project/VLSI/solution1/.autopilot/db/global.setting.tcl 
Execute       source C:/Users/91917/Downloads/VLSI_Project/vlsi_project/VLSI/solution1/.autopilot/db/hand_chrc_nn.compgen.tcl 
INFO: [RTMG 210-279] Implementing memory 'hand_chrc_nn_handbkb_rom' using auto ROMs.
INFO: [RTMG 210-279] Implementing memory 'hand_chrc_nn_biascud_rom' using auto ROMs.
INFO: [RTMG 210-279] Implementing memory 'hand_chrc_nn_lay21_rom' using auto ROMs.
INFO: [RTMG 210-278] Implementing memory 'hand_chrc_nn_lay1_ram (RAM)' using block RAMs.
INFO: [RTMG 210-278] Implementing memory 'hand_chrc_nn_h1_ram (RAM)' using block RAMs.
Execute         source ./CRTL_BUS.slave.tcl 
Execute         is_m_axi_addr64 
Command       ap_source done; 6.075 sec.
INFO-FLOW: DBG:CMD:     auto_generate -export -impltomg_flag -rtl both -tool Vivado -pcore_version 1.00.a -phase csynth_design -d C:/Users/91917/Downloads/VLSI_Project/vlsi_project/VLSI/solution1
Execute       source C:/Users/91917/Downloads/VLSI_Project/vlsi_project/VLSI/solution1/.autopilot/db/global.setting.tcl 
INFO-FLOW: DBG:CMD: read_platform_lib C:/Users/91917/Downloads/VLSI_Project/vlsi_project/VLSI/solution1/.autopilot/db/global.setting.tcl
Execute       source C:/Xilinx/Vivado/2018.3/common/technology/generic/autopilot/common.gen 
Execute         source C:/Xilinx/Vivado/2018.3/common/technology/generic/autopilot/APCoreGen.gen 
Execute       source C:/Xilinx/Vivado/2018.3/common/technology/generic/autopilot/op.gen 
Execute       source C:/Xilinx/Vivado/2018.3/common/technology/generic/autopilot/op_simcore.gen 
Execute       source C:/Xilinx/Vivado/2018.3/common/technology/generic/autopilot/interface.gen 
Execute       source C:/Users/91917/Downloads/VLSI_Project/vlsi_project/VLSI/solution1/.autopilot/db/global.setting.tcl 
Execute       source C:/Xilinx/Vivado/2018.3/common/technology/xilinx/aartix7/aartix7.gen 
Execute         source C:/Xilinx/Vivado/2018.3/common/technology/xilinx/common/virtex.gen 
Execute           source C:/Xilinx/Vivado/2018.3/common/technology/xilinx/common/xilinx.gen 
Execute             source C:/Xilinx/Vivado/2018.3/common/technology/xilinx/interface/plb46.gen 
Execute             source C:/Xilinx/Vivado/2018.3/common/technology/xilinx/interface/fsl.gen 
Execute             source C:/Xilinx/Vivado/2018.3/common/technology/xilinx/interface/axi4.gen 
Execute             source C:/Xilinx/Vivado/2018.3/common/technology/xilinx/interface/nativeAXI4.gen 
Execute               source C:/Xilinx/Vivado/2018.3/common/technology/xilinx/interface/saxilite.gen 
Execute               source C:/Xilinx/Vivado/2018.3/common/technology/xilinx/interface/maxi.gen 
Execute             source C:/Xilinx/Vivado/2018.3/common/technology/xilinx/scripts/xilinxcoregen.gen 
Execute             source C:/Xilinx/Vivado/2018.3/common/technology/xilinx/interface/XilEDKCoreGen.gen 
Execute             source C:/Xilinx/Vivado/2018.3/common/technology/xilinx/ip/dds_compiler.gen 
Execute             source C:/Xilinx/Vivado/2018.3/common/technology/xilinx/ip/util.gen 
Execute             source C:/Xilinx/Vivado/2018.3/common/technology/xilinx/ip/xfft.gen 
Execute             source C:/Xilinx/Vivado/2018.3/common/technology/xilinx/ip/xfir.gen 
Command           ap_source done; 0.122 sec.
Execute           source C:/Xilinx/Vivado/2018.3/common/technology/xilinx/common/dsp48.gen 
Command         ap_source done; 0.125 sec.
Command       ap_source done; 0.125 sec.
Execute       source C:/Xilinx/Vivado/2018.3/common/technology/xilinx/aartix7/aartix7_fpv6.gen 
Execute         source C:/Xilinx/Vivado/2018.3/common/technology/xilinx/common/xilinx_fpv6.gen 
INFO-FLOW: DBG:CMD:       initCTypeInfo top_module=hand_chrc_nn xml_exists=0
Execute       source C:/Users/91917/Downloads/VLSI_Project/vlsi_project/VLSI/solution1/.autopilot/db/hand_chrc_nn.rtl_wrap.cfg.tcl 
Execute       source C:/Users/91917/Downloads/VLSI_Project/vlsi_project/VLSI/solution1/.autopilot/db/hand_chrc_nn.rtl_wrap.cfg.tcl 
Execute       source C:/Users/91917/Downloads/VLSI_Project/vlsi_project/VLSI/solution1/.autopilot/db/hand_chrc_nn.rtl_wrap.cfg.tcl 
Execute       source C:/Users/91917/Downloads/VLSI_Project/vlsi_project/VLSI/solution1/.autopilot/db/hand_chrc_nn.tbgen.tcl 
Execute       source C:/Users/91917/Downloads/VLSI_Project/vlsi_project/VLSI/solution1/.autopilot/db/hand_chrc_nn.tbgen.tcl 
INFO-FLOW: DBG:CMD:       export_impl_rtl
INFO-FLOW: DBG:CMD:       generate_ip_cores sim=0 export=0 expOnly=0 dstVlogDir=impl/.verilog
Execute       source C:/Users/91917/Downloads/VLSI_Project/vlsi_project/VLSI/solution1/.autopilot/db/global.setting.tcl 
Execute       source C:/Users/91917/Downloads/VLSI_Project/vlsi_project/VLSI/solution1/.autopilot/db/hand_chrc_nn.compgen.tcl 
Command       ap_source done; 0.197 sec.
INFO-FLOW: DBG:CMD:       generate_ip_cores sim=0 export=1 expOnly=1 dstVlogDir=impl/.pcores/verilog
Execute       source C:/Users/91917/Downloads/VLSI_Project/vlsi_project/VLSI/solution1/.autopilot/db/global.setting.tcl 
Execute       source C:/Users/91917/Downloads/VLSI_Project/vlsi_project/VLSI/solution1/.autopilot/db/hand_chrc_nn.compgen.tcl 
INFO-FLOW: DBG:CMD:       generate_ip_cores sim=0 export=0 expOnly=0 dstVlogDir=impl/.pcores/verilog_sim
Execute       source C:/Users/91917/Downloads/VLSI_Project/vlsi_project/VLSI/solution1/.autopilot/db/global.setting.tcl 
Execute       source C:/Users/91917/Downloads/VLSI_Project/vlsi_project/VLSI/solution1/.autopilot/db/hand_chrc_nn.compgen.tcl 
Execute       source C:/Users/91917/Downloads/VLSI_Project/vlsi_project/VLSI/solution1/.autopilot/db/global.setting.tcl 
Execute       source C:/Users/91917/Downloads/VLSI_Project/vlsi_project/VLSI/solution1/.autopilot/db/hand_chrc_nn.constraint.tcl 
Execute       source C:/Users/91917/Downloads/VLSI_Project/vlsi_project/VLSI/solution1/.autopilot/db/hand_chrc_nn.tbgen.tcl 
INFO-FLOW: DBG:CMD:       hasPcoreIpAdapter=false #gSsdmPorts=2
INFO-FLOW: DBG:CMD: Skipping loadAnalyze_DB, #g_database=3
INFO-FLOW: DBG:CMD:       generate_json is_phase_csynth=1 g_has_adaptors=false generate_bd_files=0 #modelList=15 #gSsdmPorts=2
Execute       source C:/Users/91917/Downloads/VLSI_Project/vlsi_project/VLSI/solution1/.autopilot/db/global.setting.tcl 
Execute       source C:/Users/91917/Downloads/VLSI_Project/vlsi_project/VLSI/solution1/.autopilot/db/global.setting.tcl 
Execute       source C:/Users/91917/Downloads/VLSI_Project/vlsi_project/VLSI/solution1/.autopilot/db/hand_chrc_nn.tbgen.tcl 
Execute       source C:/Users/91917/Downloads/VLSI_Project/vlsi_project/VLSI/solution1/.autopilot/db/hand_chrc_nn.tbgen.tcl 
Execute       source C:/Users/91917/Downloads/VLSI_Project/vlsi_project/VLSI/solution1/.autopilot/db/global.setting.tcl 
Execute       get_config_sdx -target 
Execute       get_config_export -xo 
Execute       source C:/Users/91917/Downloads/VLSI_Project/vlsi_project/VLSI/solution1/.autopilot/db/global.setting.tcl 
Execute       source C:/Users/91917/Downloads/VLSI_Project/vlsi_project/VLSI/solution1/.autopilot/db/hand_chrc_nn.constraint.tcl 
Execute       sc_get_clocks hand_chrc_nn 
Execute       source C:/Users/91917/Downloads/VLSI_Project/vlsi_project/VLSI/solution1/.autopilot/db/global.setting.tcl 
Execute       source C:/Users/91917/Downloads/VLSI_Project/vlsi_project/VLSI/solution1/impl/misc/hand_chrc_nn_ap_dadd_4_full_dsp_64_ip.tcl 
Execute       source C:/Users/91917/Downloads/VLSI_Project/vlsi_project/VLSI/solution1/impl/misc/hand_chrc_nn_ap_ddiv_29_no_dsp_64_ip.tcl 
Execute       source C:/Users/91917/Downloads/VLSI_Project/vlsi_project/VLSI/solution1/impl/misc/hand_chrc_nn_ap_dexp_16_full_dsp_64_ip.tcl 
Execute       source C:/Users/91917/Downloads/VLSI_Project/vlsi_project/VLSI/solution1/impl/misc/hand_chrc_nn_ap_fadd_3_full_dsp_32_ip.tcl 
Execute       source C:/Users/91917/Downloads/VLSI_Project/vlsi_project/VLSI/solution1/impl/misc/hand_chrc_nn_ap_fcmp_0_no_dsp_32_ip.tcl 
Execute       source C:/Users/91917/Downloads/VLSI_Project/vlsi_project/VLSI/solution1/impl/misc/hand_chrc_nn_ap_fmul_2_max_dsp_32_ip.tcl 
Execute       source C:/Users/91917/Downloads/VLSI_Project/vlsi_project/VLSI/solution1/impl/misc/hand_chrc_nn_ap_fpext_0_no_dsp_32_ip.tcl 
Execute       source C:/Users/91917/Downloads/VLSI_Project/vlsi_project/VLSI/solution1/impl/misc/hand_chrc_nn_ap_fptrunc_0_no_dsp_64_ip.tcl 
Execute       get_config_sdx -target 
Execute       get_config_sdx -profile 
Execute       ::config_rtl 
INFO-FLOW: DBG:CMD: add_json_sdx_info kernel file does not exist: C:/Users/91917/Downloads/VLSI_Project/vlsi_project/VLSI/solution1/.autopilot/db/kernel.internal.xml
INFO-FLOW: DBG:CMD:       delete-temp-dirs (skipped for debug)
INFO: [HLS 200-111] Finished generating all RTL models Time (s): cpu = 00:01:40 ; elapsed = 00:02:03 . Memory (MB): peak = 240.664 ; gain = 156.309
INFO: [SYSC 207-301] Generating SystemC RTL for hand_chrc_nn.
INFO: [VHDL 208-304] Generating VHDL RTL for hand_chrc_nn.
INFO: [VLOG 209-307] Generating Verilog RTL for hand_chrc_nn.
Command     autosyn done; 11.196 sec.
Execute     get_part 
Execute     get_config_export -sdx_tcl 
Command   csynth_design done; 121.912 sec.
Command ap_source done; 122.519 sec.
Execute cleanup_all 
INFO-FLOW: Workspace C:/Users/91917/Downloads/VLSI_Project/vlsi_project/VLSI/solution1 opened at Sun Nov 13 23:41:43 +0530 2022
Execute     config_clock -quiet -name default -period 10 -default=false 
INFO: [SYN 201-201] Setting up clock 'default' with a period of 10ns.
Execute     open_platform DefaultPlatform 
Execute     import_lib C:/Xilinx/Vivado/2018.3/common/technology/xilinx/aartix7/aartix7 
Execute       source C:/Xilinx/Vivado/2018.3/common/technology/xilinx/common/xilinx.lib 
Execute         source C:/Xilinx/Vivado/2018.3/common/technology/xilinx/interface/xilinx_interface.lib 
Execute           source C:/Xilinx/Vivado/2018.3/common/technology/xilinx/interface/plb46.lib 
Execute           source C:/Xilinx/Vivado/2018.3/common/technology/xilinx/interface/fsl.lib 
Execute           source C:/Xilinx/Vivado/2018.3/common/technology/xilinx/interface/axi4.lib 
Execute           source C:/Xilinx/Vivado/2018.3/common/technology/xilinx/interface/maxi.lib 
Execute           source C:/Xilinx/Vivado/2018.3/common/technology/xilinx/interface/saxilite.lib 
Execute         source C:/Xilinx/Vivado/2018.3/common/technology/xilinx/common/dsp48.lib 
Execute         source C:/Xilinx/Vivado/2018.3/common/technology/xilinx/ip/dds_compiler.lib 
Execute         source C:/Xilinx/Vivado/2018.3/common/technology/xilinx/ip/xfft.lib 
Execute         source C:/Xilinx/Vivado/2018.3/common/technology/xilinx/ip/xfir.lib 
Execute       source C:/Xilinx/Vivado/2018.3/common/technology/xilinx/common/xilinx_old.lib 
Execute       source C:/Xilinx/Vivado/2018.3/common/technology/xilinx/common/xilinx_vivado.lib 
Execute       source C:/Xilinx/Vivado/2018.3/common/technology/xilinx/common/xilinx.hlp 
Execute         source C:/Xilinx/Vivado/2018.3/common/technology/xilinx/common/target_info.tcl 
Execute         source C:/Xilinx/Vivado/2018.3/common/technology/xilinx/interface/xilinx_interface.hlp 
Execute           source C:/Xilinx/Vivado/2018.3/common/technology/xilinx/interface/maxi.hlp 
Execute           source C:/Xilinx/Vivado/2018.3/common/technology/xilinx/interface/saxilite.hlp 
Execute         source C:/Xilinx/Vivado/2018.3/common/technology/xilinx/common/dsp48.hlp 
Execute       source C:/Xilinx/Vivado/2018.3/common/technology/xilinx/aartix7/dsp48e1.hlp 
Execute       get_default_platform 
Execute       config_chip_info -quiet -resource  {SLICE 15850} {LUT 63400}     {FF 126800} {DSP48E 240}    {BRAM 270}  
Execute       config_chip_info -quiet -speed medium 
Execute       source C:/Xilinx/Vivado/2018.3/common/technology/xilinx/common/xilinx.hlp 
Execute         source C:/Xilinx/Vivado/2018.3/common/technology/xilinx/common/target_info.tcl 
Execute         source C:/Xilinx/Vivado/2018.3/common/technology/xilinx/interface/xilinx_interface.hlp 
Execute           source C:/Xilinx/Vivado/2018.3/common/technology/xilinx/interface/maxi.hlp 
Execute           source C:/Xilinx/Vivado/2018.3/common/technology/xilinx/interface/saxilite.hlp 
Execute         source C:/Xilinx/Vivado/2018.3/common/technology/xilinx/common/dsp48.hlp 
Execute     source C:/Xilinx/Vivado/2018.3/common/technology/xilinx/aartix7/aartix7.gen 
Execute       source C:/Xilinx/Vivado/2018.3/common/technology/xilinx/common/virtex.gen 
Execute         source C:/Xilinx/Vivado/2018.3/common/technology/xilinx/common/xilinx.gen 
Execute           source C:/Xilinx/Vivado/2018.3/common/technology/xilinx/interface/plb46.gen 
Execute           source C:/Xilinx/Vivado/2018.3/common/technology/xilinx/interface/fsl.gen 
Execute           source C:/Xilinx/Vivado/2018.3/common/technology/xilinx/interface/axi4.gen 
Execute           source C:/Xilinx/Vivado/2018.3/common/technology/xilinx/interface/nativeAXI4.gen 
Execute             source C:/Xilinx/Vivado/2018.3/common/technology/xilinx/interface/saxilite.gen 
Execute             source C:/Xilinx/Vivado/2018.3/common/technology/xilinx/interface/maxi.gen 
Execute           source C:/Xilinx/Vivado/2018.3/common/technology/xilinx/scripts/xilinxcoregen.gen 
Execute           source C:/Xilinx/Vivado/2018.3/common/technology/xilinx/interface/XilEDKCoreGen.gen 
Execute           source C:/Xilinx/Vivado/2018.3/common/technology/xilinx/ip/dds_compiler.gen 
Execute           source C:/Xilinx/Vivado/2018.3/common/technology/xilinx/ip/util.gen 
Execute           source C:/Xilinx/Vivado/2018.3/common/technology/xilinx/ip/xfft.gen 
Execute           source C:/Xilinx/Vivado/2018.3/common/technology/xilinx/ip/xfir.gen 
Command         ap_source done; 0.131 sec.
Execute         source C:/Xilinx/Vivado/2018.3/common/technology/xilinx/common/dsp48.gen 
Command       ap_source done; 0.134 sec.
Command     ap_source done; 0.134 sec.
Execute     open_platform DefaultPlatform 
Execute     import_lib C:/Xilinx/Vivado/2018.3/common/technology/xilinx/aartix7/aartix7_fpv6 
Execute       source C:/Xilinx/Vivado/2018.3/common/technology/xilinx/common/xilinx_fpv7.lib 
Execute         source C:/Xilinx/Vivado/2018.3/common/technology/xilinx/common/xilinx_hp.lib 
Execute       source C:/Xilinx/Vivado/2018.3/common/technology/xilinx/common/xilinx_fpv.hlp 
Execute         source C:/Xilinx/Vivado/2018.3/common/technology/xilinx/common/xilinx.hlp 
Execute           source C:/Xilinx/Vivado/2018.3/common/technology/xilinx/common/target_info.tcl 
Execute           source C:/Xilinx/Vivado/2018.3/common/technology/xilinx/interface/xilinx_interface.hlp 
Execute             source C:/Xilinx/Vivado/2018.3/common/technology/xilinx/interface/maxi.hlp 
Execute             source C:/Xilinx/Vivado/2018.3/common/technology/xilinx/interface/saxilite.hlp 
Execute           source C:/Xilinx/Vivado/2018.3/common/technology/xilinx/common/dsp48.hlp 
Execute       source C:/Xilinx/Vivado/2018.3/common/technology/xilinx/aartix7/aartix7_hp.hlp 
Execute     source C:/Xilinx/Vivado/2018.3/common/technology/xilinx/aartix7/aartix7_fpv6.gen 
Execute       source C:/Xilinx/Vivado/2018.3/common/technology/xilinx/common/xilinx_fpv6.gen 
Execute     set_part xa7a12tcsg325-1q 
Execute       add_library xilinx/aartix7/aartix7:xa7a12t:csg325:-1q 
Execute         get_default_platform 
Execute         license_isbetapart xa7a12t 
Command         license_isbetapart done; error code: 1; 
Execute         get_default_platform 
Execute         config_chip_info -quiet -resource  {SLICE 2000}  {LUT 8000}      {FF 16000}  {DSP48E 40}     {BRAM 40}  
Execute         config_chip_info -quiet -speed slow 
Execute       add_library xilinx/aartix7/aartix7_fpv6 
Execute         get_default_platform 
INFO: [HLS 200-10] Setting target device to 'xa7a12tcsg325-1q'
Execute       get_default_platform 
Execute     get_default_platform 
Execute     config_chip_info -quiet -resource  {SLICE 2000}  {LUT 8000}      {FF 16000}  {DSP48E 40}     {BRAM 40}  
Execute     config_chip_info -quiet -speed slow 
Command   open_solution done; 0.284 sec.
Execute   cosim_design -trace_level all 
Execute     source C:/Users/91917/Downloads/VLSI_Project/vlsi_project/VLSI/solution1/.autopilot/db/global.setting.tcl 
Execute     source C:/Users/91917/Downloads/VLSI_Project/vlsi_project/VLSI/solution1/.autopilot/db/global.setting.tcl 
Execute     source C:/Users/91917/Downloads/VLSI_Project/vlsi_project/VLSI/solution1/.autopilot/db/global.setting.tcl 
INFO-FLOW: DBG:CMD: read_platform_lib C:/Users/91917/Downloads/VLSI_Project/vlsi_project/VLSI/solution1/.autopilot/db/global.setting.tcl
Execute     source C:/Xilinx/Vivado/2018.3/common/technology/generic/autopilot/common.gen 
Execute       source C:/Xilinx/Vivado/2018.3/common/technology/generic/autopilot/APCoreGen.gen 
Execute     source C:/Xilinx/Vivado/2018.3/common/technology/generic/autopilot/op.gen 
Execute     source C:/Xilinx/Vivado/2018.3/common/technology/generic/autopilot/op_simcore.gen 
Execute     source C:/Xilinx/Vivado/2018.3/common/technology/generic/autopilot/interface.gen 
Execute     source C:/Users/91917/Downloads/VLSI_Project/vlsi_project/VLSI/solution1/.autopilot/db/global.setting.tcl 
Execute     source C:/Xilinx/Vivado/2018.3/common/technology/xilinx/aartix7/aartix7.gen 
Execute       source C:/Xilinx/Vivado/2018.3/common/technology/xilinx/common/virtex.gen 
Execute         source C:/Xilinx/Vivado/2018.3/common/technology/xilinx/common/xilinx.gen 
Execute           source C:/Xilinx/Vivado/2018.3/common/technology/xilinx/interface/plb46.gen 
Execute           source C:/Xilinx/Vivado/2018.3/common/technology/xilinx/interface/fsl.gen 
Execute           source C:/Xilinx/Vivado/2018.3/common/technology/xilinx/interface/axi4.gen 
Execute           source C:/Xilinx/Vivado/2018.3/common/technology/xilinx/interface/nativeAXI4.gen 
Execute             source C:/Xilinx/Vivado/2018.3/common/technology/xilinx/interface/saxilite.gen 
Execute             source C:/Xilinx/Vivado/2018.3/common/technology/xilinx/interface/maxi.gen 
Execute           source C:/Xilinx/Vivado/2018.3/common/technology/xilinx/scripts/xilinxcoregen.gen 
Execute           source C:/Xilinx/Vivado/2018.3/common/technology/xilinx/interface/XilEDKCoreGen.gen 
Execute           source C:/Xilinx/Vivado/2018.3/common/technology/xilinx/ip/dds_compiler.gen 
Execute           source C:/Xilinx/Vivado/2018.3/common/technology/xilinx/ip/util.gen 
Execute           source C:/Xilinx/Vivado/2018.3/common/technology/xilinx/ip/xfft.gen 
Execute           source C:/Xilinx/Vivado/2018.3/common/technology/xilinx/ip/xfir.gen 
Command         ap_source done; 0.124 sec.
Execute         source C:/Xilinx/Vivado/2018.3/common/technology/xilinx/common/dsp48.gen 
Command       ap_source done; 0.126 sec.
Command     ap_source done; 0.127 sec.
Execute     source C:/Xilinx/Vivado/2018.3/common/technology/xilinx/aartix7/aartix7_fpv6.gen 
Execute       source C:/Xilinx/Vivado/2018.3/common/technology/xilinx/common/xilinx_fpv6.gen 
INFO-FLOW: DBG:CMD:   using AESL_AUTOCG::g_clock_period=10.000 (was NA)
Execute     source C:/Users/91917/Downloads/VLSI_Project/vlsi_project/VLSI/solution1/.autopilot/db/global.setting.tcl 
Execute     source C:/Users/91917/Downloads/VLSI_Project/vlsi_project/VLSI/solution1/.autopilot/db/hand_chrc_nn.rtl_wrap.cfg.tcl 
Execute     source C:/Users/91917/Downloads/VLSI_Project/vlsi_project/VLSI/solution1/.autopilot/db/hand_chrc_nn.tbgen.tcl 
Execute     is_encrypted C:/Users/91917/Downloads/VLSI_Project/vlsi_project/test.cpp 
Execute     is_encrypted C:/Users/91917/Downloads/VLSI_Project/vlsi_project/hand_chrc_nn.cpp 
Execute     source C:/Users/91917/Downloads/VLSI_Project/vlsi_project/VLSI/solution1/.autopilot/db/hand_chrc_nn.tbgen.tcl 
Execute     source C:/Users/91917/Downloads/VLSI_Project/vlsi_project/VLSI/solution1/.autopilot/db/hand_chrc_nn.tbgen.tcl 
INFO: [COSIM 212-47] Using XSIM for RTL simulation.
INFO: [COSIM 212-14] Instrumenting C test bench ...
Execute     get_default_platform 
INFO-FLOW: TB processing: C:/Users/91917/Downloads/VLSI_Project/vlsi_project/test.cpp C:/Users/91917/Downloads/VLSI_Project/vlsi_project/VLSI/solution1/./sim/autowrap/testbench/test.cpp_pre.cpp
Execute     tidy_31 xilinx-tb-xfmat C:/Users/91917/Downloads/VLSI_Project/vlsi_project/VLSI/solution1/./sim/autowrap/testbench/test.cpp_pre.cpp std=c++11 
INFO-FLOW: exec C:/Xilinx/Vivado/2018.3/win64/tools/clang-3.9-csynth/bin/tidy-3.1 -header-filter=.* -checks=-*,xilinx-tb-xfmat -quiet -fix-errors C:/Users/91917/Downloads/VLSI_Project/vlsi_project/VLSI/solution1/./sim/autowrap/testbench/test.cpp_pre.cpp -- -std=c++11 -fhls -ferror-limit=0
Command     tidy_31 done; 0.283 sec.
INFO-FLOW: Marker-Pragma convertor: C:/Users/91917/Downloads/VLSI_Project/vlsi_project/VLSI/solution1/./sim/autowrap/testbench/test.cpp_pre.cpp C:/Users/91917/Downloads/VLSI_Project/vlsi_project/VLSI/solution1/./sim/autowrap/testbench/test.cpp_pre.cpp.line.cpp ./sim/autowrap/testbench/line.tmp 1
INFO-FLOW: Converting Markers to Pragmas...
INFO-FLOW: Marker-Pragma convertor: C:/Users/91917/Downloads/VLSI_Project/vlsi_project/VLSI/solution1/./sim/autowrap/testbench/test.cpp_pre.cpp.tb.cpp.line C:/Users/91917/Downloads/VLSI_Project/vlsi_project/VLSI/solution1/./sim/autowrap/testbench/test.cpp_pre.cpp.tb.cpp ./sim/autowrap/testbench/line.tmp 0
INFO-FLOW: Converting Pragmas to Markers...
Execute     get_default_platform 
INFO-FLOW: TB processing: C:/Users/91917/Downloads/VLSI_Project/vlsi_project/hand_chrc_nn.cpp C:/Users/91917/Downloads/VLSI_Project/vlsi_project/VLSI/solution1/./sim/autowrap/testbench/hand_chrc_nn.cpp_pre.cpp
Execute     tidy_31 xilinx-tb-xfmat C:/Users/91917/Downloads/VLSI_Project/vlsi_project/VLSI/solution1/./sim/autowrap/testbench/hand_chrc_nn.cpp_pre.cpp std=c++11 
INFO-FLOW: exec C:/Xilinx/Vivado/2018.3/win64/tools/clang-3.9-csynth/bin/tidy-3.1 -header-filter=.* -checks=-*,xilinx-tb-xfmat -quiet -fix-errors C:/Users/91917/Downloads/VLSI_Project/vlsi_project/VLSI/solution1/./sim/autowrap/testbench/hand_chrc_nn.cpp_pre.cpp -- -std=c++11 -fhls -ferror-limit=0
Command     tidy_31 done; 2.169 sec.
INFO-FLOW: Marker-Pragma convertor: C:/Users/91917/Downloads/VLSI_Project/vlsi_project/VLSI/solution1/./sim/autowrap/testbench/hand_chrc_nn.cpp_pre.cpp C:/Users/91917/Downloads/VLSI_Project/vlsi_project/VLSI/solution1/./sim/autowrap/testbench/hand_chrc_nn.cpp_pre.cpp.line.cpp ./sim/autowrap/testbench/line.tmp 1
INFO-FLOW: Converting Markers to Pragmas...
INFO-FLOW: Marker-Pragma convertor: C:/Users/91917/Downloads/VLSI_Project/vlsi_project/VLSI/solution1/./sim/autowrap/testbench/hand_chrc_nn.cpp_pre.cpp.tb.cpp.line C:/Users/91917/Downloads/VLSI_Project/vlsi_project/VLSI/solution1/./sim/autowrap/testbench/hand_chrc_nn.cpp_pre.cpp.tb.cpp ./sim/autowrap/testbench/line.tmp 0
INFO-FLOW: Converting Pragmas to Markers...
Execute     source C:/Users/91917/Downloads/VLSI_Project/vlsi_project/VLSI/solution1/./sim/autowrap/testbench/tb.status.tcl 
Execute     source C:/Users/91917/Downloads/VLSI_Project/vlsi_project/VLSI/solution1/.autopilot/db/global.setting.tcl 
Execute     source C:/Users/91917/Downloads/VLSI_Project/vlsi_project/VLSI/solution1/.autopilot/db/hand_chrc_nn.rtl_wrap.cfg.tcl 
Execute     source C:/Users/91917/Downloads/VLSI_Project/vlsi_project/VLSI/solution1/.autopilot/db/hand_chrc_nn.rtl_wrap.cfg.tcl 
Execute     source C:/Users/91917/Downloads/VLSI_Project/vlsi_project/VLSI/solution1/.autopilot/db/hand_chrc_nn.rtl_wrap.cfg.tcl 
Execute     source C:/Users/91917/Downloads/VLSI_Project/vlsi_project/VLSI/solution1/.autopilot/db/hand_chrc_nn.tbgen.tcl 
Execute     source C:/Users/91917/Downloads/VLSI_Project/vlsi_project/VLSI/solution1/.autopilot/db/hand_chrc_nn.tbgen.tcl 
Execute     get_default_platform 
Execute     source .run_sim.tcl 
INFO: [COSIM 212-302] Starting C TB testing ... 
Command     ap_source done; 1.79 sec.
INFO: [COSIM 212-333] Generating C post check test bench ...
Execute     get_default_platform 
INFO: [COSIM 212-12] Generating RTL test bench ...
Execute     source C:/Users/91917/Downloads/VLSI_Project/vlsi_project/VLSI/solution1/.autopilot/db/hand_chrc_nn.tbgen.tcl 
Execute     source C:/Users/91917/Downloads/VLSI_Project/vlsi_project/VLSI/solution1/.autopilot/db/hand_chrc_nn.tbgen.tcl 
Execute     source C:/Users/91917/Downloads/VLSI_Project/vlsi_project/VLSI/solution1/.autopilot/db/hand_chrc_nn.tbgen.tcl 
Execute     source C:/Users/91917/Downloads/VLSI_Project/vlsi_project/VLSI/solution1/.autopilot/db/hand_chrc_nn.tbgen.tcl 
Execute     source ../tv/cdatafile/ref.tcl 
Execute     source C:/Users/91917/Downloads/VLSI_Project/vlsi_project/VLSI/solution1/.autopilot/db/hand_chrc_nn.tbgen.tcl 
Execute     source C:/Users/91917/Downloads/VLSI_Project/vlsi_project/VLSI/solution1/.autopilot/db/hand_chrc_nn.tbgen.tcl 
Execute     source C:/Users/91917/Downloads/VLSI_Project/vlsi_project/VLSI/solution1/.autopilot/db/hand_chrc_nn.tbgen.tcl 
Execute     source C:/Users/91917/Downloads/VLSI_Project/vlsi_project/VLSI/solution1/.autopilot/db/hand_chrc_nn.tbgen.tcl 
Execute     source C:/Users/91917/Downloads/VLSI_Project/vlsi_project/VLSI/solution1/.autopilot/db/hand_chrc_nn.tbgen.tcl 
Execute     source C:/Users/91917/Downloads/VLSI_Project/vlsi_project/VLSI/solution1/.autopilot/db/hand_chrc_nn.tbgen.tcl 
Execute     source C:/Users/91917/Downloads/VLSI_Project/vlsi_project/VLSI/solution1/.autopilot/db/hand_chrc_nn.tbgen.tcl 
Execute     source C:/Users/91917/Downloads/VLSI_Project/vlsi_project/VLSI/solution1/.autopilot/db/hand_chrc_nn.tbgen.tcl 
Execute     source C:/Users/91917/Downloads/VLSI_Project/vlsi_project/VLSI/solution1/.autopilot/db/hand_chrc_nn.tbgen.tcl 
Execute     source C:/Users/91917/Downloads/VLSI_Project/vlsi_project/VLSI/solution1/.autopilot/db/hand_chrc_nn.tbgen.tcl 
Execute     source C:/Users/91917/Downloads/VLSI_Project/vlsi_project/VLSI/solution1/.autopilot/db/hand_chrc_nn.tbgen.tcl 
Execute     source C:/Users/91917/Downloads/VLSI_Project/vlsi_project/VLSI/solution1/.autopilot/db/hand_chrc_nn.tbgen.tcl 
Execute     source C:/Users/91917/Downloads/VLSI_Project/vlsi_project/VLSI/solution1/.autopilot/db/hand_chrc_nn.tbgen.tcl 
Execute     source C:/Users/91917/Downloads/VLSI_Project/vlsi_project/VLSI/solution1/.autopilot/db/hand_chrc_nn.tbgen.tcl 
Execute     source C:/Users/91917/Downloads/VLSI_Project/vlsi_project/VLSI/solution1/.autopilot/db/hand_chrc_nn.tbgen.tcl 
Execute     source C:/Users/91917/Downloads/VLSI_Project/vlsi_project/VLSI/solution1/.autopilot/db/hand_chrc_nn.tbgen.tcl 
Execute     source ../tv/cdatafile/ref.tcl 
Execute     source C:/Users/91917/Downloads/VLSI_Project/vlsi_project/VLSI/solution1/.autopilot/db/hand_chrc_nn.tbgen.tcl 
Execute     source C:/Users/91917/Downloads/VLSI_Project/vlsi_project/VLSI/solution1/.autopilot/db/hand_chrc_nn.tbgen.tcl 
Execute     source C:/Users/91917/Downloads/VLSI_Project/vlsi_project/VLSI/solution1/.autopilot/db/hand_chrc_nn.tbgen.tcl 
Execute     source C:/Users/91917/Downloads/VLSI_Project/vlsi_project/VLSI/solution1/.autopilot/db/hand_chrc_nn.tbgen.tcl 
Execute     source C:/Users/91917/Downloads/VLSI_Project/vlsi_project/VLSI/solution1/.autopilot/db/hand_chrc_nn.tbgen.tcl 
Execute     source C:/Users/91917/Downloads/VLSI_Project/vlsi_project/VLSI/solution1/.autopilot/db/hand_chrc_nn.tbgen.tcl 
Execute     source C:/Users/91917/Downloads/VLSI_Project/vlsi_project/VLSI/solution1/.autopilot/db/hand_chrc_nn.tbgen.tcl 
Execute     source C:/Users/91917/Downloads/VLSI_Project/vlsi_project/VLSI/solution1/.autopilot/db/hand_chrc_nn.tbgen.tcl 
Execute     source C:/Users/91917/Downloads/VLSI_Project/vlsi_project/VLSI/solution1/.autopilot/db/hand_chrc_nn.tbgen.tcl 
Execute     source C:/Users/91917/Downloads/VLSI_Project/vlsi_project/VLSI/solution1/.autopilot/db/hand_chrc_nn.tbgen.tcl 
Execute     source C:/Users/91917/Downloads/VLSI_Project/vlsi_project/VLSI/solution1/.autopilot/db/hand_chrc_nn.tbgen.tcl 
Execute     source C:/Users/91917/Downloads/VLSI_Project/vlsi_project/VLSI/solution1/.autopilot/db/hand_chrc_nn.tbgen.tcl 
Execute     source .run_sim.tcl 
Execute       source check_sim.tcl 
Execute       source .sim.status.tcl 
